Using pre-set license
Built from '2020.3/staging' branch; Version is '2020.3.25f1 (9b9180224418) revision 10195328'; Using compiler version '192528614'; Build Type 'Release'
OS: 'Windows 10  (10.0.19043) 64bit Professional' Language: 'zh' Physical Memory: 16217 MB
BatchMode: 1, IsHumanControllingUs: 0, StartBugReporterOnCrash: 0, Is64bit: 1, IsPro: 0

COMMAND LINE ARGUMENTS:
C:\Program Files\Unity\Hub\Editor\2020.3.25f1\Editor\Unity.exe
-adb2
-batchMode
-noUpm
-name
AssetImportWorker0
-projectPath
C:/Users/user/Documents/GitHub/junwei/WebGame_20220222_A/WebGame_20220222_A
-logFile
Logs/AssetImportWorker0.log
-srvPort
2417
Successfully changed project path to: C:/Users/user/Documents/GitHub/junwei/WebGame_20220222_A/WebGame_20220222_A
C:/Users/user/Documents/GitHub/junwei/WebGame_20220222_A/WebGame_20220222_A
Using Asset Import Pipeline V2.
Refreshing native plugins compatible for Editor in 38.52 ms, found 3 plugins.
Preloading 0 native plugins for Editor in 0.00 ms.
Initialize engine version: 2020.3.25f1 (9b9180224418)
[Subsystems] Discovering subsystems at path C:/Program Files/Unity/Hub/Editor/2020.3.25f1/Editor/Data/Resources/UnitySubsystems
[Subsystems] Discovering subsystems at path C:/Users/user/Documents/GitHub/junwei/WebGame_20220222_A/WebGame_20220222_A/Assets
GfxDevice: creating device client; threaded=0
Direct3D:
    Version:  Direct3D 11.0 [level 11.1]
    Renderer: NVIDIA GeForce GTX 1650 SUPER (ID=0x2187)
    Vendor:   
    VRAM:     3955 MB
    Driver:   27.21.14.5671
Initialize mono
Mono path[0] = 'C:/Program Files/Unity/Hub/Editor/2020.3.25f1/Editor/Data/Managed'
Mono path[1] = 'C:/Program Files/Unity/Hub/Editor/2020.3.25f1/Editor/Data/MonoBleedingEdge/lib/mono/unityjit'
Mono config path = 'C:/Program Files/Unity/Hub/Editor/2020.3.25f1/Editor/Data/MonoBleedingEdge/etc'
Using monoOptions --debugger-agent=transport=dt_socket,embedding=1,server=y,suspend=n,address=127.0.0.1:56132
Begin MonoManager ReloadAssembly
Registering precompiled unity dll's ...
Register platform support module: C:/Program Files/Unity/Hub/Editor/2020.3.25f1/Editor/Data/PlaybackEngines/WebGLSupport/UnityEditor.WebGL.Extensions.dll
Register platform support module: C:/Program Files/Unity/Hub/Editor/2020.3.25f1/Editor/Data/PlaybackEngines/WindowsStandaloneSupport/UnityEditor.WindowsStandalone.Extensions.dll
Registered in 0.004093 seconds.
Native extension for WindowsStandalone target not found
Native extension for WebGL target not found
Refreshing native plugins compatible for Editor in 35.42 ms, found 3 plugins.
Preloading 0 native plugins for Editor in 0.00 ms.
Mono: successfully reloaded assembly
- Completed reload, in  0.506 seconds
Domain Reload Profiling:
	ReloadAssembly (506ms)
		BeginReloadAssembly (62ms)
			ExecutionOrderSort (0ms)
			DisableScriptedObjects (0ms)
			BackupInstance (0ms)
			ReleaseScriptingObjects (0ms)
			CreateAndSetChildDomain (1ms)
		EndReloadAssembly (370ms)
			LoadAssemblies (59ms)
			RebuildTransferFunctionScriptingTraits (0ms)
			SetupTypeCache (122ms)
			ReleaseScriptCaches (0ms)
			RebuildScriptCaches (25ms)
			SetupLoadedEditorAssemblies (133ms)
				LogAssemblyErrors (0ms)
				InitializePlatformSupportModulesInManaged (4ms)
				SetLoadedEditorAssemblies (0ms)
				RefreshPlugins (35ms)
				BeforeProcessingInitializeOnLoad (6ms)
				ProcessInitializeOnLoadAttributes (64ms)
				ProcessInitializeOnLoadMethodAttributes (23ms)
				AfterProcessingInitializeOnLoad (0ms)
				EditorAssembliesLoaded (0ms)
			ExecutionOrderSort2 (0ms)
			AwakeInstancesAfterBackupRestoration (0ms)
Platform modules already initialized, skipping
Registering precompiled user dll's ...
Registered in 0.005917 seconds.
Begin MonoManager ReloadAssembly
Native extension for WindowsStandalone target not found
Native extension for WebGL target not found
Refreshing native plugins compatible for Editor in 36.10 ms, found 3 plugins.
Preloading 0 native plugins for Editor in 0.00 ms.
Mono: successfully reloaded assembly
- Completed reload, in  0.960 seconds
Domain Reload Profiling:
	ReloadAssembly (961ms)
		BeginReloadAssembly (129ms)
			ExecutionOrderSort (0ms)
			DisableScriptedObjects (4ms)
			BackupInstance (0ms)
			ReleaseScriptingObjects (0ms)
			CreateAndSetChildDomain (14ms)
		EndReloadAssembly (771ms)
			LoadAssemblies (98ms)
			RebuildTransferFunctionScriptingTraits (0ms)
			SetupTypeCache (245ms)
			ReleaseScriptCaches (0ms)
			RebuildScriptCaches (37ms)
			SetupLoadedEditorAssemblies (295ms)
				LogAssemblyErrors (0ms)
				InitializePlatformSupportModulesInManaged (4ms)
				SetLoadedEditorAssemblies (0ms)
				RefreshPlugins (36ms)
				BeforeProcessingInitializeOnLoad (77ms)
				ProcessInitializeOnLoadAttributes (151ms)
				ProcessInitializeOnLoadMethodAttributes (13ms)
				AfterProcessingInitializeOnLoad (13ms)
				EditorAssembliesLoaded (0ms)
			ExecutionOrderSort2 (0ms)
			AwakeInstancesAfterBackupRestoration (5ms)
Platform modules already initialized, skipping
========================================================================
Worker process is ready to serve import requests
Launched and connected shader compiler UnityShaderCompiler.exe after 0.03 seconds
Refreshing native plugins compatible for Editor in 0.41 ms, found 3 plugins.
Preloading 0 native plugins for Editor in 0.00 ms.
Unloading 2194 Unused Serialized files (Serialized files now loaded: 0)
System memory in use before: 96.5 MB.
System memory in use after: 96.6 MB.

Unloading 28 unused Assets to reduce memory usage. Loaded Objects now: 2627.
Total: 2.384800 ms (FindLiveObjects: 0.124600 ms CreateObjectMapping: 0.056100 ms MarkObjects: 2.160900 ms  DeleteObjects: 0.042600 ms)

AssetImportParameters requested are different than current active one (requested -> active):
  custom:framework-win-MediaFoundation: 216162199b28c13a410421893ffa2e32 -> 
  custom:video-decoder-ogg-theora: a1e56fd34408186e4bbccfd4996cb3dc -> 
  custom:container-muxer-webm: aa71ff27fc2769a1b78a27578f13a17b -> 
  custom:container-demuxer-webm: 4f35f7cbe854078d1ac9338744f61a02 -> 
  custom:container-demuxer-ogg: 62fdf1f143b41e24485cea50d1cbac27 -> 
  custom:video-encoder-webm-vp8: eb34c28f22e8b96e1ab97ce403110664 -> 
  custom:video-decoder-webm-vp8: 9c59270c3fd7afecdb556c50c9e8de78 -> 
  custom:audio-decoder-ogg-vorbis: bf7c407c2cedff20999df2af8eb42d56 -> 
  custom:audio-encoder-webm-vorbis: bf7c407c2cedff20999df2af8eb42d56 -> 
========================================================================
Received Import Request.
  path: Assets/圖片/characters
  artifactKey: Guid(0097da99bd51de54bae3ddfecb40f9b4) Importer(815301076,1909f56bfc062723c751e8b465ee728b)
Start importing Assets/圖片/characters using Guid(0097da99bd51de54bae3ddfecb40f9b4) Importer(815301076,1909f56bfc062723c751e8b465ee728b)  -> (artifact id: '66cf7989f595d7550bee5ca9872acb50') in 0.004237 seconds 
  Import took 0.006473 seconds .

========================================================================
Received Import Request.
  Time since last request: 0.000233 seconds.
  path: Assets/圖片/characters/slime.png
  artifactKey: Guid(8e5c703edb7b256488bd89c1565dcad8) Importer(815301076,1909f56bfc062723c751e8b465ee728b)
Start importing Assets/圖片/characters/slime.png using Guid(8e5c703edb7b256488bd89c1565dcad8) Importer(815301076,1909f56bfc062723c751e8b465ee728b)  -> (artifact id: '47b4828bd989611924356e33f3e1247f') in 0.069799 seconds 
  Import took 0.072147 seconds .

========================================================================
Received Import Request.
  Time since last request: 0.000230 seconds.
  path: Assets/圖片/objects/objects.png
  artifactKey: Guid(57058b3cd164f56458a430fd59edcac1) Importer(815301076,1909f56bfc062723c751e8b465ee728b)
Start importing Assets/圖片/objects/objects.png using Guid(57058b3cd164f56458a430fd59edcac1) Importer(815301076,1909f56bfc062723c751e8b465ee728b)  -> (artifact id: '880a4bb0f16be70685296d3191f3f45f') in 0.013364 seconds 
  Import took 0.015924 seconds .

========================================================================
Received Import Request.
  Time since last request: 0.000205 seconds.
  path: Assets/圖片/objects/chest_01.png
  artifactKey: Guid(6ebf53b266dc2aa4e8dc253c764d5f92) Importer(815301076,1909f56bfc062723c751e8b465ee728b)
Start importing Assets/圖片/objects/chest_01.png using Guid(6ebf53b266dc2aa4e8dc253c764d5f92) Importer(815301076,1909f56bfc062723c751e8b465ee728b)  -> (artifact id: 'd3641767de304ddd5576fce55d6c2e1d') in 0.017703 seconds 
  Import took 0.020066 seconds .

========================================================================
Received Import Request.
  Time since last request: 0.000172 seconds.
  path: Assets/圖片/characters/player.png
  artifactKey: Guid(e2d74fb30169f47459acd91b3d6cbb35) Importer(815301076,1909f56bfc062723c751e8b465ee728b)
Start importing Assets/圖片/characters/player.png using Guid(e2d74fb30169f47459acd91b3d6cbb35) Importer(815301076,1909f56bfc062723c751e8b465ee728b)  -> (artifact id: 'd3753e98c7e1221e738044cae3370746') in 0.018211 seconds 
  Import took 0.020597 seconds .

========================================================================
Received Import Request.
  Time since last request: 2.471305 seconds.
  path: Assets/圖片/particles/dust_particles_01.png
  artifactKey: Guid(fb0a4991d3305a343ab6865666deb4cc) Importer(815301076,1909f56bfc062723c751e8b465ee728b)
Start importing Assets/圖片/particles/dust_particles_01.png using Guid(fb0a4991d3305a343ab6865666deb4cc) Importer(815301076,1909f56bfc062723c751e8b465ee728b)  -> (artifact id: 'bae60b617a005adb7bb2c16f66bf3a95') in 0.009310 seconds 
  Import took 0.012162 seconds .

========================================================================
Received Import Request.
  Time since last request: 0.596020 seconds.
  path: Assets/圖片/tilesets/decor_8x8.png
  artifactKey: Guid(7e7aa4b7d497021499ebe76d5bf27d9d) Importer(815301076,1909f56bfc062723c751e8b465ee728b)
Start importing Assets/圖片/tilesets/decor_8x8.png using Guid(7e7aa4b7d497021499ebe76d5bf27d9d) Importer(815301076,1909f56bfc062723c751e8b465ee728b)  -> (artifact id: '7c0581025387ccfda9392ea900e16359') in 0.010822 seconds 
  Import took 0.013534 seconds .

========================================================================
Received Import Request.
  Time since last request: 0.000218 seconds.
  path: Assets/圖片/tilesets/fences.png
  artifactKey: Guid(0c4ab195d1a536247b5ee13fe920b90d) Importer(815301076,1909f56bfc062723c751e8b465ee728b)
Start importing Assets/圖片/tilesets/fences.png using Guid(0c4ab195d1a536247b5ee13fe920b90d) Importer(815301076,1909f56bfc062723c751e8b465ee728b)  -> (artifact id: 'e251f319766bf5b504a4a8bbcbc1f34c') in 0.015170 seconds 
  Import took 0.017667 seconds .

========================================================================
Received Import Request.
  Time since last request: 0.000253 seconds.
  path: Assets/圖片/tilesets/grass.png
  artifactKey: Guid(e704f96370c4d2d418f580099f9d12ed) Importer(815301076,1909f56bfc062723c751e8b465ee728b)
Start importing Assets/圖片/tilesets/grass.png using Guid(e704f96370c4d2d418f580099f9d12ed) Importer(815301076,1909f56bfc062723c751e8b465ee728b)  -> (artifact id: 'c94e20d8fe9032d2e8eb9761c2db6738') in 0.015999 seconds 
  Import took 0.018829 seconds .

========================================================================
Received Import Request.
  Time since last request: 0.000227 seconds.
  path: Assets/圖片/tilesets/decor_16x16.png
  artifactKey: Guid(808d07e8d679cf1498f0e24c0665d84b) Importer(815301076,1909f56bfc062723c751e8b465ee728b)
Start importing Assets/圖片/tilesets/decor_16x16.png using Guid(808d07e8d679cf1498f0e24c0665d84b) Importer(815301076,1909f56bfc062723c751e8b465ee728b)  -> (artifact id: '7feaf662d777c8dd0dc87b9e473b75e7') in 0.015545 seconds 
  Import took 0.018131 seconds .

========================================================================
Received Import Request.
  Time since last request: 0.000218 seconds.
  path: Assets/圖片/tilesets/water_decorations.png
  artifactKey: Guid(c558538030711ca48bc9fd19c69b2f82) Importer(815301076,1909f56bfc062723c751e8b465ee728b)
Start importing Assets/圖片/tilesets/water_decorations.png using Guid(c558538030711ca48bc9fd19c69b2f82) Importer(815301076,1909f56bfc062723c751e8b465ee728b)  -> (artifact id: 'b9078db80218e42edb333fcff88f54ab') in 0.017744 seconds 
  Import took 0.020254 seconds .

========================================================================
Received Import Request.
  Time since last request: 0.000212 seconds.
  path: Assets/圖片/tilesets/plains.png
  artifactKey: Guid(2fe8b324002bed64ea4ff5aef659c93e) Importer(815301076,1909f56bfc062723c751e8b465ee728b)
Start importing Assets/圖片/tilesets/plains.png using Guid(2fe8b324002bed64ea4ff5aef659c93e) Importer(815301076,1909f56bfc062723c751e8b465ee728b)  -> (artifact id: '0feb737bcd2fd7ee7b74f39e7ff58d63') in 0.027494 seconds 
  Import took 0.029862 seconds .

========================================================================
Received Prepare
Registering precompiled user dll's ...
Registered in 0.006523 seconds.
Begin MonoManager ReloadAssembly
Native extension for WindowsStandalone target not found
Native extension for WebGL target not found
Refreshing native plugins compatible for Editor in 0.42 ms, found 3 plugins.
Preloading 0 native plugins for Editor in 0.00 ms.
Mono: successfully reloaded assembly
- Completed reload, in  0.884 seconds
Domain Reload Profiling:
	ReloadAssembly (885ms)
		BeginReloadAssembly (123ms)
			ExecutionOrderSort (0ms)
			DisableScriptedObjects (5ms)
			BackupInstance (0ms)
			ReleaseScriptingObjects (0ms)
			CreateAndSetChildDomain (28ms)
		EndReloadAssembly (699ms)
			LoadAssemblies (98ms)
			RebuildTransferFunctionScriptingTraits (0ms)
			SetupTypeCache (236ms)
			ReleaseScriptCaches (1ms)
			RebuildScriptCaches (34ms)
			SetupLoadedEditorAssemblies (256ms)
				LogAssemblyErrors (0ms)
				InitializePlatformSupportModulesInManaged (5ms)
				SetLoadedEditorAssemblies (0ms)
				RefreshPlugins (0ms)
				BeforeProcessingInitializeOnLoad (69ms)
				ProcessInitializeOnLoadAttributes (160ms)
				ProcessInitializeOnLoadMethodAttributes (10ms)
				AfterProcessingInitializeOnLoad (12ms)
				EditorAssembliesLoaded (0ms)
			ExecutionOrderSort2 (0ms)
			AwakeInstancesAfterBackupRestoration (8ms)
Platform modules already initialized, skipping
Refreshing native plugins compatible for Editor in 0.44 ms, found 3 plugins.
Preloading 0 native plugins for Editor in 0.00 ms.
Unloading 2190 Unused Serialized files (Serialized files now loaded: 0)
System memory in use before: 99.3 MB.
System memory in use after: 99.4 MB.

Unloading 19 unused Assets to reduce memory usage. Loaded Objects now: 2660.
Total: 2.344200 ms (FindLiveObjects: 0.122000 ms CreateObjectMapping: 0.056400 ms MarkObjects: 2.121500 ms  DeleteObjects: 0.043600 ms)

AssetImportParameters requested are different than current active one (requested -> active):
  custom:framework-win-MediaFoundation: 216162199b28c13a410421893ffa2e32 -> 
  custom:video-decoder-ogg-theora: a1e56fd34408186e4bbccfd4996cb3dc -> 
  custom:container-muxer-webm: aa71ff27fc2769a1b78a27578f13a17b -> 
  custom:container-demuxer-webm: 4f35f7cbe854078d1ac9338744f61a02 -> 
  custom:container-demuxer-ogg: 62fdf1f143b41e24485cea50d1cbac27 -> 
  custom:video-encoder-webm-vp8: eb34c28f22e8b96e1ab97ce403110664 -> 
  custom:video-decoder-webm-vp8: 9c59270c3fd7afecdb556c50c9e8de78 -> 
  custom:audio-decoder-ogg-vorbis: bf7c407c2cedff20999df2af8eb42d56 -> 
  custom:audio-encoder-webm-vorbis: bf7c407c2cedff20999df2af8eb42d56 -> 
========================================================================
Received Import Request.
  Time since last request: 943.625018 seconds.
  path: Assets/Cainos/Pixel Art Top Down - Basic
  artifactKey: Guid(16e6903942d9bf94d9dd684620613d02) Importer(815301076,1909f56bfc062723c751e8b465ee728b)
Start importing Assets/Cainos/Pixel Art Top Down - Basic using Guid(16e6903942d9bf94d9dd684620613d02) Importer(815301076,1909f56bfc062723c751e8b465ee728b)  -> (artifact id: 'c0ce34b451fbe08daae087a6ec69278c') in 0.005049 seconds 
  Import took 0.008021 seconds .

========================================================================
Received Import Request.
  Time since last request: 4.122078 seconds.
  path: Assets/Cainos/Pixel Art Top Down - Basic/Scene
  artifactKey: Guid(5f41ae091d9f7be4798cc5dbc7f22d83) Importer(815301076,1909f56bfc062723c751e8b465ee728b)
Start importing Assets/Cainos/Pixel Art Top Down - Basic/Scene using Guid(5f41ae091d9f7be4798cc5dbc7f22d83) Importer(815301076,1909f56bfc062723c751e8b465ee728b)  -> (artifact id: '3f7656229a0b52da2e012650d8729512') in 0.001931 seconds 
  Import took 0.004761 seconds .

========================================================================
Received Import Request.
  Time since last request: 0.827922 seconds.
  path: Assets/Cainos/Pixel Art Top Down - Basic/Scene/SC All Props.unity
  artifactKey: Guid(d9a9fd5182a4025429c97a869864056e) Importer(815301076,1909f56bfc062723c751e8b465ee728b)
Start importing Assets/Cainos/Pixel Art Top Down - Basic/Scene/SC All Props.unity using Guid(d9a9fd5182a4025429c97a869864056e) Importer(815301076,1909f56bfc062723c751e8b465ee728b)  -> (artifact id: 'b83e69aaa7f140426a7016242d0aa4f7') in 0.008830 seconds 
  Import took 0.011418 seconds .

========================================================================
Received Import Request.
  Time since last request: 0.412437 seconds.
  path: Assets/Cainos/Pixel Art Top Down - Basic/Scene/SC Pixel Art Top Down - Basic.unity
  artifactKey: Guid(86e89bd9e4a9c5245a015cf17e3c0aae) Importer(815301076,1909f56bfc062723c751e8b465ee728b)
Start importing Assets/Cainos/Pixel Art Top Down - Basic/Scene/SC Pixel Art Top Down - Basic.unity using Guid(86e89bd9e4a9c5245a015cf17e3c0aae) Importer(815301076,1909f56bfc062723c751e8b465ee728b)  -> (artifact id: '10a3c174d97c22e85f901c304ecc12f8') in 0.002221 seconds 
  Import took 0.004912 seconds .

========================================================================
Received Import Request.
  Time since last request: 400.488688 seconds.
  path: Assets/Cainos/Pixel Art Top Down - Basic/Texture/TX Plant.png
  artifactKey: Guid(c3a40e1c46727b94e959990527f8e7fa) Importer(815301076,1909f56bfc062723c751e8b465ee728b)
Start importing Assets/Cainos/Pixel Art Top Down - Basic/Texture/TX Plant.png using Guid(c3a40e1c46727b94e959990527f8e7fa) Importer(815301076,1909f56bfc062723c751e8b465ee728b)  -> (artifact id: '13ee3afa2df995db4ad5c1b4b19803e0') in 0.245728 seconds 
  Import took 0.248532 seconds .

========================================================================
Received Import Request.
  Time since last request: 0.000106 seconds.
  path: Assets/Cainos/Pixel Art Top Down - Basic/Texture/TX Player.png
  artifactKey: Guid(ec47f75fe8aff1644ac73998f4ad31b5) Importer(815301076,1909f56bfc062723c751e8b465ee728b)
Start importing Assets/Cainos/Pixel Art Top Down - Basic/Texture/TX Player.png using Guid(ec47f75fe8aff1644ac73998f4ad31b5) Importer(815301076,1909f56bfc062723c751e8b465ee728b)  -> (artifact id: 'cbdc8a0a971eba641f531b8f41f0c19b') in 0.014314 seconds 
  Import took 0.016947 seconds .

========================================================================
Received Import Request.
  Time since last request: 0.000159 seconds.
  path: Assets/Cainos/Pixel Art Top Down - Basic/Texture/TX Props.png
  artifactKey: Guid(29c9cded5e558164aaf8c9bf08aa1510) Importer(815301076,1909f56bfc062723c751e8b465ee728b)
Start importing Assets/Cainos/Pixel Art Top Down - Basic/Texture/TX Props.png using Guid(29c9cded5e558164aaf8c9bf08aa1510) Importer(815301076,1909f56bfc062723c751e8b465ee728b)  -> (artifact id: 'ae2484941eede77a33f52b65df1ce5e7') in 0.103657 seconds 
  Import took 0.106323 seconds .

========================================================================
Received Import Request.
  Time since last request: 6.183076 seconds.
  path: Assets/Cainos/Pixel Art Top Down - Basic/Texture/TX Shadow.png
  artifactKey: Guid(ed7554aeefd5da44a9fe1ee9b93afe77) Importer(815301076,1909f56bfc062723c751e8b465ee728b)
Start importing Assets/Cainos/Pixel Art Top Down - Basic/Texture/TX Shadow.png using Guid(ed7554aeefd5da44a9fe1ee9b93afe77) Importer(815301076,1909f56bfc062723c751e8b465ee728b)  -> (artifact id: 'e63d033e0018bb59d567292dbdeb5e64') in 0.127315 seconds 
  Import took 0.130374 seconds .

========================================================================
Received Import Request.
  Time since last request: 0.261169 seconds.
  path: Assets/Cainos/Pixel Art Top Down - Basic/Texture/TX Shadow Plant.png
  artifactKey: Guid(8501e10b1eafde34586080ba342fdc0e) Importer(815301076,1909f56bfc062723c751e8b465ee728b)
Start importing Assets/Cainos/Pixel Art Top Down - Basic/Texture/TX Shadow Plant.png using Guid(8501e10b1eafde34586080ba342fdc0e) Importer(815301076,1909f56bfc062723c751e8b465ee728b)  -> (artifact id: '4fc3ec434b0712b3927657a78c2f4416') in 0.028057 seconds 
  Import took 0.030776 seconds .

========================================================================
Received Import Request.
  Time since last request: 3.679487 seconds.
  path: Assets/Cainos/Pixel Art Top Down - Basic/Texture/TX Struct.png
  artifactKey: Guid(dda6bbdb704d84847b38f9eced72bf59) Importer(815301076,1909f56bfc062723c751e8b465ee728b)
Start importing Assets/Cainos/Pixel Art Top Down - Basic/Texture/TX Struct.png using Guid(dda6bbdb704d84847b38f9eced72bf59) Importer(815301076,1909f56bfc062723c751e8b465ee728b)  -> (artifact id: 'cec9156a4a03fa86c4dda3af25c8f702') in 0.076382 seconds 
  Import took 0.079114 seconds .

========================================================================
Received Import Request.
  Time since last request: 0.018803 seconds.
  path: Assets/Cainos/Pixel Art Top Down - Basic/Texture/TX Tileset Grass.png
  artifactKey: Guid(1c9ed9d1200c29d4cbfd2071028c1cd5) Importer(815301076,1909f56bfc062723c751e8b465ee728b)
Start importing Assets/Cainos/Pixel Art Top Down - Basic/Texture/TX Tileset Grass.png using Guid(1c9ed9d1200c29d4cbfd2071028c1cd5) Importer(815301076,1909f56bfc062723c751e8b465ee728b)  -> (artifact id: '40e3bc2848ecb5f414d2f7e22e3039cc') in 0.150118 seconds 
  Import took 0.153029 seconds .

========================================================================
Received Import Request.
  Time since last request: 0.814764 seconds.
  path: Assets/Cainos/Pixel Art Top Down - Basic/Texture/TX Tileset Stone Ground.png
  artifactKey: Guid(a07735877a3bd644094331b137b71878) Importer(815301076,1909f56bfc062723c751e8b465ee728b)
Start importing Assets/Cainos/Pixel Art Top Down - Basic/Texture/TX Tileset Stone Ground.png using Guid(a07735877a3bd644094331b137b71878) Importer(815301076,1909f56bfc062723c751e8b465ee728b)  -> (artifact id: 'ab2e6d22d0ff92fc1178eaab922c4213') in 0.098367 seconds 
  Import took 0.101431 seconds .

========================================================================
Received Import Request.
  Time since last request: 0.746215 seconds.
  path: Assets/Cainos/Pixel Art Top Down - Basic/Texture/TX Tileset Wall.png
  artifactKey: Guid(9f8f114589864b6489859a58fbb6baf9) Importer(815301076,1909f56bfc062723c751e8b465ee728b)
Start importing Assets/Cainos/Pixel Art Top Down - Basic/Texture/TX Tileset Wall.png using Guid(9f8f114589864b6489859a58fbb6baf9) Importer(815301076,1909f56bfc062723c751e8b465ee728b)  -> (artifact id: '1130a9c991abcff329c8822966836d46') in 0.101762 seconds 
  Import took 0.104778 seconds .

========================================================================
Received Import Request.
  Time since last request: 0.436486 seconds.
  path: Assets/圖片/tilesets/walls/walls.png
  artifactKey: Guid(844e4659fad56b948b1f7fdca47bf557) Importer(815301076,1909f56bfc062723c751e8b465ee728b)
Start importing Assets/圖片/tilesets/walls/walls.png using Guid(844e4659fad56b948b1f7fdca47bf557) Importer(815301076,1909f56bfc062723c751e8b465ee728b)  -> (artifact id: 'fc11f59363e7af4cac07a203ed98d864') in 0.009993 seconds 
  Import took 0.012816 seconds .

========================================================================
Received Import Request.
  Time since last request: 0.000215 seconds.
  path: Assets/圖片/tilesets/floors/wooden.png
  artifactKey: Guid(447aedf1b7f715b44a0790f5f5c91b01) Importer(815301076,1909f56bfc062723c751e8b465ee728b)
Start importing Assets/圖片/tilesets/floors/wooden.png using Guid(447aedf1b7f715b44a0790f5f5c91b01) Importer(815301076,1909f56bfc062723c751e8b465ee728b)  -> (artifact id: '3e6a3915e828ab99e3454f276431cf8c') in 0.007581 seconds 
  Import took 0.010237 seconds .

========================================================================
Received Import Request.
  Time since last request: 0.000165 seconds.
  path: Assets/圖片/tilesets/walls/wooden_door_b.png
  artifactKey: Guid(e3d142066d9e0804187bc03ca04b3228) Importer(815301076,1909f56bfc062723c751e8b465ee728b)
Start importing Assets/圖片/tilesets/walls/wooden_door_b.png using Guid(e3d142066d9e0804187bc03ca04b3228) Importer(815301076,1909f56bfc062723c751e8b465ee728b)  -> (artifact id: '3f39cc6ab09117f9cd59311ef577e9ad') in 0.008847 seconds 
  Import took 0.011455 seconds .

========================================================================
Received Import Request.
  Time since last request: 0.000214 seconds.
  path: Assets/圖片/tilesets/walls/wooden_door.png
  artifactKey: Guid(b0a78a945197ab94dbccec823e9dabee) Importer(815301076,1909f56bfc062723c751e8b465ee728b)
Start importing Assets/圖片/tilesets/walls/wooden_door.png using Guid(b0a78a945197ab94dbccec823e9dabee) Importer(815301076,1909f56bfc062723c751e8b465ee728b)  -> (artifact id: 'bd3a4ed2c2e0b7f72aedd3bcbd4578b3') in 0.006726 seconds 
  Import took 0.009452 seconds .

========================================================================
Received Import Request.
  Time since last request: 916.601528 seconds.
  path: Assets/Cainos/方形圖片.png
  artifactKey: Guid(536ceb6b4122beb4f8fa68e25ef1e2a1) Importer(815301076,1909f56bfc062723c751e8b465ee728b)
Start importing Assets/Cainos/方形圖片.png using Guid(536ceb6b4122beb4f8fa68e25ef1e2a1) Importer(815301076,1909f56bfc062723c751e8b465ee728b)  -> (artifact id: 'e665ac5fb395a60f9386ea5c926876ef') in 0.010990 seconds 
  Import took 0.014202 seconds .

========================================================================
Received Import Request.
  Time since last request: 1066.484515 seconds.
  path: Assets/setofont.ttf
  artifactKey: Guid(4c25220e5271fa3499507b68426d4c0d) Importer(815301076,1909f56bfc062723c751e8b465ee728b)
Start importing Assets/setofont.ttf using Guid(4c25220e5271fa3499507b68426d4c0d) Importer(815301076,1909f56bfc062723c751e8b465ee728b)  -> (artifact id: '94de548ca8e189f9e6467da3dc4efde4') in 0.045928 seconds 
  Import took 0.049931 seconds .

AssetImportWorkerClient::OnTransportError - code=2 error=End of file
